Loading PDB...
Preparing CutoffPeriodic minimization system...
System has 35652 particles
Preparing simulation for minimization...
Initial energy is -197182.785576 kJ/mol
Energy after minimization is -197372.63105 kJ/mol
Taking 100 steps of dynamics
Energy after dynamics is -226992.315353 kJ/mol; minimizing
Energy after minimization is -546596.337973 kJ/mol
Preparing new PME system for 10ns equilibration run...
Preparing simulation for equilibration 10ns run...
Initial energy is: -569723.403568 kJ/mol
Energy after minimization is: -575608.167454 kJ/mol
Appending reporters...
Running 10ns equilibration simulation steps...
Done with the equilibration!
Final energy is: -464074.919236 kJ/mol
Initiating packaging...
Preparing new integrator and updating system with new PeriodicBoxVectors...
Preparing new simulation...
Performing 1000 simulation steps...
Updating system with new PeriodicBoxVectors...
Writing system and integrator...
Writing state...
All done!
