Loading PDB...
Preparing CutoffPeriodic minimization system...
System has 35547 particles
Preparing simulation for minimization...
Initial energy is -212609.137097 kJ/mol
Energy after minimization is -481667.525375 kJ/mol
Taking 100 steps of dynamics
Energy after dynamics is -481691.318224 kJ/mol; minimizing
Energy after minimization is -547551.46025 kJ/mol
Preparing new PME system for 10ns equilibration run...
Preparing simulation for equilibration 10ns run...
Initial energy is: -571010.462209 kJ/mol
Energy after minimization is: -575137.989631 kJ/mol
Appending reporters...
Running 10ns equilibration simulation steps...
Done with the equilibration!
Final energy is: -463602.553589 kJ/mol
Initiating packaging...
Preparing new integrator and updating system with new PeriodicBoxVectors...
Preparing new simulation...
Performing 1000 simulation steps...
Updating system with new PeriodicBoxVectors...
Writing system and integrator...
Writing state...
All done!
