Loading PDB...
Preparing CutoffPeriodic minimization system...
System has 35471 particles
Preparing simulation for minimization...
Initial energy is 71952.3445813 kJ/mol
Energy after minimization is -435237.074689 kJ/mol
Taking 100 steps of dynamics
Energy after dynamics is -435433.736429 kJ/mol; minimizing
Energy after minimization is -546128.958447 kJ/mol
Preparing new PME system for 10ns equilibration run...
Preparing simulation for equilibration 10ns run...
Initial energy is: -569625.509253 kJ/mol
Energy after minimization is: -573798.151936 kJ/mol
Appending reporters...
Running 10ns equilibration simulation steps...
Done with the equilibration!
Final energy is: -463066.417262 kJ/mol
Initiating packaging...
Preparing new integrator and updating system with new PeriodicBoxVectors...
Preparing new simulation...
Performing 1000 simulation steps...
Updating system with new PeriodicBoxVectors...
Writing system and integrator...
Writing state...
All done!
