Loading PDB...
Preparing CutoffPeriodic minimization system...
System has 35613 particles
Preparing simulation for minimization...
Initial energy is -201912.715972 kJ/mol
Energy after minimization is -482996.911299 kJ/mol
Taking 100 steps of dynamics
Energy after dynamics is -483033.550509 kJ/mol; minimizing
Energy after minimization is -549273.302386 kJ/mol
Preparing new PME system for 10ns equilibration run...
Preparing simulation for equilibration 10ns run...
Initial energy is: -571627.489275 kJ/mol
Energy after minimization is: -575604.636885 kJ/mol
Appending reporters...
Running 10ns equilibration simulation steps...
Done with the equilibration!
Final energy is: -463793.543719 kJ/mol
Initiating packaging...
Preparing new integrator and updating system with new PeriodicBoxVectors...
Preparing new simulation...
Performing 1000 simulation steps...
Updating system with new PeriodicBoxVectors...
Writing system and integrator...
Writing state...
All done!
