Loading PDB...
Preparing CutoffPeriodic minimization system...
System has 35543 particles
Preparing simulation for minimization...
Initial energy is -192011.405633 kJ/mol
Energy after minimization is -477707.327595 kJ/mol
Taking 100 steps of dynamics
Energy after dynamics is -477704.220932 kJ/mol; minimizing
Energy after minimization is -545990.120864 kJ/mol
Preparing new PME system for 10ns equilibration run...
Preparing simulation for equilibration 10ns run...
Initial energy is: -569204.824665 kJ/mol
Energy after minimization is: -575444.937692 kJ/mol
Appending reporters...
Running 10ns equilibration simulation steps...
Done with the equilibration!
Final energy is: -463543.121967 kJ/mol
Initiating packaging...
Preparing new integrator and updating system with new PeriodicBoxVectors...
Preparing new simulation...
Performing 1000 simulation steps...
Updating system with new PeriodicBoxVectors...
Writing system and integrator...
Writing state...
All done!
