Loading PDB...
Preparing CutoffPeriodic minimization system...
System has 35721 particles
Preparing simulation for minimization...
Initial energy is -194782.074652 kJ/mol
Energy after minimization is -194995.852136 kJ/mol
Taking 100 steps of dynamics
Energy after dynamics is -223893.768615 kJ/mol; minimizing
Energy after minimization is -548233.58647 kJ/mol
Preparing new PME system for 10ns equilibration run...
Preparing simulation for equilibration 10ns run...
Initial energy is: -571709.05971 kJ/mol
Energy after minimization is: -577172.606227 kJ/mol
Appending reporters...
Running 10ns equilibration simulation steps...
Done with the equilibration!
Final energy is: -465964.558072 kJ/mol
Initiating packaging...
Preparing new integrator and updating system with new PeriodicBoxVectors...
Preparing new simulation...
Performing 1000 simulation steps...
Updating system with new PeriodicBoxVectors...
Writing system and integrator...
Writing state...
All done!
