Loading PDB...
Preparing CutoffPeriodic minimization system...
System has 45534 particles
Preparing simulation for minimization...
Initial energy is -323383.320821 kJ/mol
Energy after minimization is -323596.285439 kJ/mol
Taking 100 steps of dynamics
Energy after dynamics is -356982.076469 kJ/mol; minimizing
Energy after minimization is -713842.196892 kJ/mol
Preparing new PME system for 10ns equilibration run...
Preparing simulation for equilibration 10ns run...
Initial energy is: -736230.199616 kJ/mol
Energy after minimization is: -741869.244438 kJ/mol
Appending reporters...
Running 10ns equilibration simulation steps...
Done with the equilibration!
Final energy is: -596346.002932 kJ/mol
Initiating packaging...
Preparing new integrator and updating system with new PeriodicBoxVectors...
Preparing new simulation...
Performing 1000 simulation steps...
Updating system with new PeriodicBoxVectors...
Writing system and integrator...
Writing state...
All done!
