Loading PDB...
Preparing CutoffPeriodic minimization system...
System has 35460 particles
Preparing simulation for minimization...
Initial energy is -173429.425227 kJ/mol
Energy after minimization is -479622.45468 kJ/mol
Taking 100 steps of dynamics
Energy after dynamics is -479654.695391 kJ/mol; minimizing
Energy after minimization is -546541.386823 kJ/mol
Preparing new PME system for 10ns equilibration run...
Preparing simulation for equilibration 10ns run...
Initial energy is: -569166.974226 kJ/mol
Energy after minimization is: -573311.181056 kJ/mol
Appending reporters...
Running 10ns equilibration simulation steps...
Done with the equilibration!
Final energy is: -461176.582736 kJ/mol
Initiating packaging...
Preparing new integrator and updating system with new PeriodicBoxVectors...
Preparing new simulation...
Performing 1000 simulation steps...
Updating system with new PeriodicBoxVectors...
Writing system and integrator...
Writing state...
All done!
