Loading PDB...
Preparing CutoffPeriodic minimization system...
System has 34991 particles
Preparing simulation for minimization...
Initial energy is -184177.193701 kJ/mol
Energy after minimization is -184341.206269 kJ/mol
Taking 100 steps of dynamics
Energy after dynamics is -219524.099023 kJ/mol; minimizing
Energy after minimization is -539810.37125 kJ/mol
Preparing new PME system for 10ns equilibration run...
Preparing simulation for equilibration 10ns run...
Initial energy is: -561981.850311 kJ/mol
Energy after minimization is: -563864.846461 kJ/mol
Appending reporters...
Running 10ns equilibration simulation steps...
Done with the equilibration!
Final energy is: -456092.315799 kJ/mol
Initiating packaging...
Preparing new integrator and updating system with new PeriodicBoxVectors...
Preparing new simulation...
Performing 1000 simulation steps...
Updating system with new PeriodicBoxVectors...
Writing system and integrator...
Writing state...
All done!
