Loading PDB...
Preparing CutoffPeriodic minimization system...
System has 34945 particles
Preparing simulation for minimization...
Initial energy is -177663.278491 kJ/mol
Energy after minimization is -470852.460836 kJ/mol
Taking 100 steps of dynamics
Energy after dynamics is -470886.437979 kJ/mol; minimizing
Energy after minimization is -537354.679605 kJ/mol
Preparing new PME system for 10ns equilibration run...
Preparing simulation for equilibration 10ns run...
Initial energy is: -561134.328175 kJ/mol
Energy after minimization is: -565123.422585 kJ/mol
Appending reporters...
Running 10ns equilibration simulation steps...
Done with the equilibration!
Final energy is: -454961.862371 kJ/mol
Initiating packaging...
Preparing new integrator and updating system with new PeriodicBoxVectors...
Preparing new simulation...
Performing 1000 simulation steps...
Updating system with new PeriodicBoxVectors...
Writing system and integrator...
Writing state...
All done!
