            --------------------------------------------------------
                             AMBER SQM VERSION 14
 
                                     By
              Ross C. Walker, Michael F. Crowley, Scott Brozell,
                         Tim Giese, Andreas W. Goetz,
                        Tai-Sung Lee and David A. Case
 
            --------------------------------------------------------
 

--------------------------------------------------------------------------------
  QM CALCULATION INFO
--------------------------------------------------------------------------------

| QMMM: Citation for AMBER QMMM Run:
| QMMM: R.C. Walker, M.F. Crowley and D.A. Case, J. COMP. CHEM. 29:1019, 2008

QMMM: SINGLET STATE CALCULATION
QMMM: RHF CALCULATION, NO. OF DOUBLY OCCUPIED LEVELS = 71

| QMMM: *** Selected Hamiltonian *** 
| QMMM: AM1         

| QMMM: *** Parameter sets in use ***
| QMMM: N : M.J.S.DEWAR et al. JACS, 107, 3902, (1985)
| QMMM: H : M.J.S.DEWAR et al. JACS, 107, 3902, (1985)
| QMMM: C : M.J.S.DEWAR et al. JACS, 107, 3902, (1985)
| QMMM: O : M.J.S.DEWAR et al. JACS, 107, 3902, (1985)
| QMMM: S : M.J.S.DEWAR et al. INORG. CHEM., 29, 3881, (1990)

| QMMM: *** SCF convergence criteria ***
| QMMM: Energy change                :  0.1D-09 kcal/mol
| QMMM: Error matrix |FP-PF|         :  0.1D+00 au
| QMMM: Density matrix change        :  0.5D-06
| QMMM: Maximum number of SCF cycles :     1000

| QMMM: *** Diagonalization Routine Information ***
| QMMM: Pseudo diagonalizations are allowed.
| QMMM: Auto diagonalization routine selection is in use.
| QMMM:
| QMMM: Timing diagonalization routines:
| QMMM:                              norbs =      124
| QMMM:    diag iterations used for timing =       10
| QMMM:
| QMMM:              Internal diag routine = 0.053567 seconds
| QMMM:                 Dspev diag routine = 0.073212 seconds
| QMMM:                Dspevd diag routine = 0.059830 seconds
| QMMM:                Dspevx diag routine = 0.194287 seconds
| QMMM:                 Dsyev diag routine = 0.078568 seconds
| QMMM:                Dsyevd diag routine = 0.068037 seconds
| QMMM:                Dsyevr diag routine = 0.060340 seconds
| QMMM:
| QMMM:                Pseudo diag routine = 0.023241 seconds
| QMMM:
| QMMM: Using internal diagonalization routine (diag_routine=1).

  QMMM: QM Region Cartesian Coordinates (*=link atom) 
  QMMM: QM_NO.   MM_NO.  ATOM         X         Y         Z
  QMMM:     1        1      N        4.6080    4.5930   -7.3180
  QMMM:     2        2      H        5.4640    4.5820   -8.0480
  QMMM:     3        3      H        4.9960    4.7330   -6.2730
  QMMM:     4        4      H        4.1870    5.6270   -7.4730
  QMMM:     5        5      C        3.6080    3.5690   -7.5910
  QMMM:     6        6      H        4.0200    2.5830   -7.8880
  QMMM:     7        7      C        3.0180    3.7810   -8.9580
  QMMM:     8        8      O        3.2710    4.8390   -9.6210
  QMMM:     9        9      O        2.3150    2.8740   -9.4220
  QMMM:    10       10      C        2.5170    3.5600   -6.5160
  QMMM:    11       11      H        2.1920    4.5580   -6.1240
  QMMM:    12       12      H        1.5650    3.1080   -6.8930
  QMMM:    13       13      C        2.8670    2.6260   -5.3230
  QMMM:    14       14      H        2.4770    2.6640   -4.2930
  QMMM:    15       15      H        2.4930    2.6730   -4.2870
  QMMM:    16       16      S        3.1250    0.9990   -5.7660
  QMMM:    17       17      C        4.7290    0.3770   -5.5880
  QMMM:    18       18      H        4.7800    0.3020   -4.4770
  QMMM:    19       19      H        4.3800   -0.6090   -5.9760
  QMMM:    20       20      C        5.8620    0.9680   -6.4430
  QMMM:    21       21      H        5.6150    0.7310   -7.5030
  QMMM:    22       22      O        6.0930    2.3530   -6.0750
  QMMM:    23       23      C        7.2280    0.3400   -6.2020
  QMMM:    24       24      H        7.3420    0.0320   -5.1360
  QMMM:    25       25      O        7.4800   -0.9480   -6.8010
  QMMM:    26       26      H        8.4020   -1.3980   -6.3910
  QMMM:    27       27      C        8.1840    1.4450   -6.6220
  QMMM:    28       28      H        9.1910    1.2480   -6.1890
  QMMM:    29       29      O        8.3600    1.5910   -8.0560
  QMMM:    30       30      H        9.4260    1.5140   -8.3300
  QMMM:    31       31      C        7.4750    2.6680   -6.0960
  QMMM:    32       32      H        7.6910    3.5620   -6.7220
  QMMM:    33       33      N        7.8620    3.0710   -4.7280
  QMMM:    34       34      C        7.0940    2.9340   -3.6240
  QMMM:    35       35      H        6.1170    2.6300   -3.2050
  QMMM:    36       36      N        7.7020    3.4440   -2.5460
  QMMM:    37       37      C        8.8920    3.9230   -2.9840
  QMMM:    38       38      C       10.0080    4.5320   -2.3560
  QMMM:    39       39      N       10.0170    4.7950   -1.0150
  QMMM:    40       40      H       10.6900    4.2210   -0.3440
  QMMM:    41       41      H        9.4250    5.6290   -0.5850
  QMMM:    42       42      N       11.0550    4.8850   -3.1320
  QMMM:    43       43      C       11.0950    4.6480   -4.4430
  QMMM:    44       44      H       11.9820    4.9950   -5.0020
  QMMM:    45       45      N       10.0880    4.0360   -5.0850
  QMMM:    46       46      C        8.9740    3.6800   -4.3990

--------------------------------------------------------------------------------
  RESULTS
--------------------------------------------------------------------------------

      iter         sqm energy              rms gradient
      ----    -------------------    -----------------------
xmin    10      -63.2285 kcal/mol        2.9624 kcal/(mol*A)
xmin    20      -74.6980 kcal/mol        1.6126 kcal/(mol*A)
xmin    30      -77.1955 kcal/mol        0.1937 kcal/(mol*A)
xmin    40      -77.3893 kcal/mol        0.0877 kcal/(mol*A)
xmin    50      -77.5009 kcal/mol        0.2055 kcal/(mol*A)
xmin    60      -77.6551 kcal/mol        0.1323 kcal/(mol*A)
xmin    70      -77.7549 kcal/mol        0.0792 kcal/(mol*A)
xmin    80      -77.7785 kcal/mol        0.0936 kcal/(mol*A)
xmin    90      -77.7897 kcal/mol        0.0282 kcal/(mol*A)
xmin   100      -77.7913 kcal/mol        0.1145 kcal/(mol*A)
xmin   110      -77.7934 kcal/mol        0.0175 kcal/(mol*A)
xmin   120      -77.7943 kcal/mol        0.0185 kcal/(mol*A)
xmin   130      -77.7950 kcal/mol        0.0165 kcal/(mol*A)
xmin   140      -77.7952 kcal/mol        0.0050 kcal/(mol*A)
xmin   150      -77.7953 kcal/mol        0.0062 kcal/(mol*A)
xmin   160      -77.7954 kcal/mol        0.0082 kcal/(mol*A)
xmin   170      -77.7954 kcal/mol        0.0032 kcal/(mol*A)
xmin   180      -77.7955 kcal/mol        0.0026 kcal/(mol*A)
xmin   190      -77.7955 kcal/mol        0.0024 kcal/(mol*A)
xmin   200      -77.7956 kcal/mol        0.0041 kcal/(mol*A)
xmin   210      -77.7956 kcal/mol        0.0052 kcal/(mol*A)
xmin   220      -77.7957 kcal/mol        0.0061 kcal/(mol*A)
xmin   230      -77.7957 kcal/mol        0.0053 kcal/(mol*A)
xmin   240      -77.7958 kcal/mol        0.0050 kcal/(mol*A)
xmin   250      -77.7958 kcal/mol        0.0027 kcal/(mol*A)
xmin   260      -77.7958 kcal/mol        0.0014 kcal/(mol*A)
xmin   270      -77.7958 kcal/mol        0.0019 kcal/(mol*A)
xmin   280      -77.7958 kcal/mol        0.0030 kcal/(mol*A)
xmin   290      -77.7958 kcal/mol        0.0008 kcal/(mol*A)
xmin   300      -77.7958 kcal/mol        0.0015 kcal/(mol*A)
xmin   310      -77.7959 kcal/mol        0.0016 kcal/(mol*A)
xmin   320      -77.7959 kcal/mol        0.0018 kcal/(mol*A)
xmin   330      -77.7959 kcal/mol        0.0029 kcal/(mol*A)
xmin   340      -77.7960 kcal/mol        0.0014 kcal/(mol*A)
xmin   350      -77.7960 kcal/mol        0.0018 kcal/(mol*A)
xmin   360      -77.7961 kcal/mol        0.0075 kcal/(mol*A)
xmin   370      -77.7961 kcal/mol        0.0010 kcal/(mol*A)
xmin   380      -77.7961 kcal/mol        0.0012 kcal/(mol*A)
  ... geometry converged !
 
 Final MO eigenvalues (eV):
 -42.9079  -41.7890  -39.8934  -39.4376  -38.8060  -38.0937  -36.9633  -36.6216
 -34.8393  -34.3075  -33.5089  -33.3366  -32.8693  -31.0329  -30.0006  -28.6473
 -27.5611  -25.1195  -24.8872  -24.3574  -24.1996  -23.4826  -22.1706  -20.5432
 -20.3131  -19.8677  -19.7298  -19.5701  -19.3845  -18.9007  -18.4173  -18.0594
 -17.9028  -17.6284  -17.2554  -17.0917  -16.4766  -16.4240  -16.2925  -16.1380
 -15.8718  -15.6986  -15.3495  -15.2141  -15.1766  -15.0767  -14.8985  -14.5197
 -14.4583  -14.3788  -14.3334  -13.9333  -13.7532  -13.4628  -13.3954  -13.3294
 -13.1437  -12.7662  -12.4820  -12.3982  -12.1151  -11.8233  -11.5057  -11.3494
 -10.9836  -10.5521   -9.6129   -9.3777   -9.3144   -9.2122   -8.8332   -0.7047
  -0.5405   -0.2596    0.3231    0.3426    0.7925    0.8372    1.2886    1.5206
   1.6568    1.9896    2.0887    2.2123    2.2742    2.3526    2.4228    2.6163
   2.6618    2.7562    2.8538    2.9218    2.9984    3.0343    3.0996    3.1663
   3.2415    3.2682    3.3583    3.4111    3.4168    3.6855    3.7999    3.8218
   3.9619    3.9740    4.1282    4.2627    4.3634    4.5169    4.6659    4.6710
   4.6736    4.7843    4.8739    5.0224    5.1670    5.4540    5.6197    5.7569
   5.8066    6.6019    7.8368    9.1436

 Heat of formation   =        -77.79614110 kcal/mol  (       -3.37349383 eV)

 Total SCF energy    =    -117692.35458243 kcal/mol  (    -5103.52346309 eV)
 Electronic energy   =    -864238.75854398 kcal/mol  (   -37476.20478487 eV)
 Core-core repulsion =     746546.40396155 kcal/mol  (    32372.68132178 eV)
 
    Atomic Charges for Step       1 :
  Atom    Element       Mulliken Charge
     1      N                 -0.053
     2      H                  0.221
     3      H                  0.220
     4      H                  0.274
     5      C                 -0.221
     6      H                  0.121
     7      C                  0.352
     8      O                 -0.543
     9      O                 -0.456
    10      C                 -0.038
    11      H                  0.118
    12      H                  0.165
    13      C                 -0.958
    14      H                  0.007
    15      H                 -0.007
    16      S                  1.207
    17      C                 -0.651
    18      H                  0.121
    19      H                  0.133
    20      C                  0.030
    21      H                  0.113
    22      O                 -0.322
    23      C                  0.013
    24      H                  0.139
    25      O                 -0.299
    26      H                  0.225
    27      C                 -0.030
    28      H                  0.136
    29      O                 -0.326
    30      H                  0.235
    31      C                  0.149
    32      H                  0.138
    33      N                 -0.215
    34      C                 -0.043
    35      H                  0.205
    36      N                 -0.108
    37      C                 -0.241
    38      C                  0.250
    39      N                 -0.351
    40      H                  0.245
    41      H                  0.252
    42      N                 -0.265
    43      C                  0.034
    44      H                  0.193
    45      N                 -0.235
    46      C                  0.065
 Total Mulliken Charge =      -0.000
 
                  X        Y        Z     TOTAL  
  QM DIPOLE     8.501   -3.056   10.240   13.655
 
 Final Structure

  QMMM: QM Region Cartesian Coordinates (*=link atom) 
  QMMM: QM_NO.   MM_NO.  ATOM         X         Y         Z
  QMMM:     1        1      N        4.3291    3.9141   -7.7643
  QMMM:     2        2      H        5.2402    3.5537   -8.0392
  QMMM:     3        3      H        4.2914    3.9499   -6.7476
  QMMM:     4        4      H        4.1906    4.8698   -8.1638
  QMMM:     5        5      C        3.2285    3.0649   -8.3094
  QMMM:     6        6      H        3.6973    2.2154   -8.8762
  QMMM:     7        7      C        2.3581    3.9174   -9.3470
  QMMM:     8        8      O        2.7107    5.1207   -9.4747
  QMMM:     9        9      O        1.4443    3.2909   -9.9092
  QMMM:    10       10      C        2.3055    2.5229   -7.2232
  QMMM:    11       11      H        1.7496    3.3763   -6.7383
  QMMM:    12       12      H        1.5197    1.9185   -7.7711
  QMMM:    13       13      C        2.9454    1.7278   -6.2278
  QMMM:    14       14      H        1.1921    4.7320   -1.4695
  QMMM:    15       15      H        1.7088    4.3841   -1.7337
  QMMM:    16       16      S        3.4604    0.9231   -5.2454
  QMMM:    17       17      C        5.2031    0.6914   -5.2272
  QMMM:    18       18      H        5.5899    1.1306   -4.2731
  QMMM:    19       19      H        5.3495   -0.4190   -5.1618
  QMMM:    20       20      C        6.0164    1.2093   -6.3844
  QMMM:    21       21      H        5.4206    1.1614   -7.3416
  QMMM:    22       22      O        6.3035    2.6141   -6.2052
  QMMM:    23       23      C        7.3611    0.4664   -6.5576
  QMMM:    24       24      H        7.5287   -0.2610   -5.7152
  QMMM:    25       25      O        7.3776   -0.3242   -7.7174
  QMMM:    26       26      H        7.4825    0.2562   -8.4850
  QMMM:    27       27      C        8.4476    1.5631   -6.5347
  QMMM:    28       28      H        9.3017    1.2725   -5.8710
  QMMM:    29       29      O        8.8777    1.7932   -7.8601
  QMMM:    30       30      H        9.7991    2.0804   -7.8175
  QMMM:    31       31      C        7.7065    2.8481   -6.0415
  QMMM:    32       32      H        7.9482    3.7270   -6.7148
  QMMM:    33       33      N        8.0081    3.2138   -4.6784
  QMMM:    34       34      C        7.1191    3.4252   -3.5945
  QMMM:    35       35      H        6.0432    3.2497   -3.7115
  QMMM:    36       36      N        7.7285    3.8464   -2.4783
  QMMM:    37       37      C        9.0884    3.9355   -2.8122
  QMMM:    38       38      C       10.2546    4.3288   -2.0703
  QMMM:    39       39      N       10.1472    4.6950   -0.7583
  QMMM:    40       40      H       10.9416    4.9908   -0.2471
  QMMM:    41       41      H        9.2515    4.7227   -0.3387
  QMMM:    42       42      N       11.4765    4.3193   -2.7072
  QMMM:    43       43      C       11.5079    3.9304   -4.0074
  QMMM:    44       44      H       12.5199    3.9427   -4.4692
  QMMM:    45       45      N       10.5032    3.5327   -4.8259
  QMMM:    46       46      C        9.2873    3.5442   -4.2016

           --------- Calculation Completed ----------

