Loading PDB...
Preparing CutoffPeriodic minimization system...
System has 31342 particles
Preparing simulation for minimization...
Initial energy is -114981.919109 kJ/mol
Energy after minimization is -370860.729369 kJ/mol
Taking 100 steps of dynamics
Energy after dynamics is -371112.827132 kJ/mol; minimizing
Energy after minimization is -477281.678472 kJ/mol
Preparing new PME system for 10ns equilibration run...
Preparing simulation for equilibration 10ns run...
Initial energy is: -500047.990661 kJ/mol
Energy after minimization is: -503326.317835 kJ/mol
Appending reporters...
Running 10ns equilibration simulation steps...
Done with the equilibration!
Final energy is: -406416.087771 kJ/mol
Initiating packaging...
Preparing new integrator and updating system with new PeriodicBoxVectors...
Preparing new simulation...
Performing 1000 simulation steps...
Updating system with new PeriodicBoxVectors...
Writing system and integrator...
Writing state...
All done!
