Loading PDB...
Preparing CutoffPeriodic minimization system...
System has 33220 particles
Preparing simulation for minimization...
Initial energy is -170622.257566 kJ/mol
Energy after minimization is -170805.518387 kJ/mol
Taking 100 steps of dynamics
Energy after dynamics is -205022.121446 kJ/mol; minimizing
Energy after minimization is -508227.479601 kJ/mol
Preparing new PME system for 10ns equilibration run...
Preparing simulation for equilibration 10ns run...
Initial energy is: -530807.344525 kJ/mol
Energy after minimization is: -535335.227799 kJ/mol
Appending reporters...
Running 10ns equilibration simulation steps...
Done with the equilibration!
Final energy is: -431575.563051 kJ/mol
Initiating packaging...
Preparing new integrator and updating system with new PeriodicBoxVectors...
Preparing new simulation...
Performing 1000 simulation steps...
Updating system with new PeriodicBoxVectors...
Writing system and integrator...
Writing state...
All done!
