Loading PDB...
Preparing CutoffPeriodic minimization system...
System has 35515 particles
Preparing simulation for minimization...
Initial energy is 56213423.6183 kJ/mol
Energy after minimization is -432732.069052 kJ/mol
Taking 100 steps of dynamics
Energy after dynamics is -432949.351197 kJ/mol; minimizing
Energy after minimization is -547001.007657 kJ/mol
Preparing new PME system for 10ns equilibration run...
Preparing simulation for equilibration 10ns run...
Initial energy is: -570416.825039 kJ/mol
Energy after minimization is: -575253.104486 kJ/mol
Appending reporters...
Running 10ns equilibration simulation steps...
Done with the equilibration!
Final energy is: -463173.31552 kJ/mol
Initiating packaging...
Preparing new integrator and updating system with new PeriodicBoxVectors...
Preparing new simulation...
Performing 1000 simulation steps...
Updating system with new PeriodicBoxVectors...
Writing system and integrator...
Writing state...
All done!
