Loading PDB...
Preparing CutoffPeriodic minimization system...
System has 34556 particles
Preparing simulation for minimization...
Initial energy is 157846.838937 kJ/mol
Energy after minimization is 130678.431701 kJ/mol
Taking 100 steps of dynamics
Energy after dynamics is -192570.390063 kJ/mol; minimizing
Energy after minimization is -529913.695547 kJ/mol
Preparing new PME system for 10ns equilibration run...
Preparing simulation for equilibration 10ns run...
Initial energy is: -552811.18247 kJ/mol
Energy after minimization is: -556987.98915 kJ/mol
Appending reporters...
Running 10ns equilibration simulation steps...
Done with the equilibration!
Final energy is: -449575.054603 kJ/mol
Initiating packaging...
Preparing new integrator and updating system with new PeriodicBoxVectors...
Preparing new simulation...
Performing 1000 simulation steps...
Updating system with new PeriodicBoxVectors...
Writing system and integrator...
Writing state...
All done!
