Loading PDB...
Preparing CutoffPeriodic minimization system...
System has 30764 particles
Preparing simulation for minimization...
Initial energy is 1047974.3777 kJ/mol
Energy after minimization is 950852.143405 kJ/mol
Taking 100 steps of dynamics
Energy after dynamics is -71092.1719675 kJ/mol; minimizing
Energy after minimization is -467137.229707 kJ/mol
Preparing new PME system for 10ns equilibration run...
Preparing simulation for equilibration 10ns run...
Initial energy is: -490263.348523 kJ/mol
Energy after minimization is: -494367.517268 kJ/mol
Appending reporters...
Running 10ns equilibration simulation steps...
Done with the equilibration!
Final energy is: -398649.041346 kJ/mol
Initiating packaging...
Preparing new integrator and updating system with new PeriodicBoxVectors...
Preparing new simulation...
Performing 1000 simulation steps...
Updating system with new PeriodicBoxVectors...
Writing system and integrator...
Writing state...
All done!
