Loading PDB...
Preparing CutoffPeriodic minimization system...
System has 35104 particles
Preparing simulation for minimization...
Initial energy is 56479536.8242 kJ/mol
Energy after minimization is -468163.176855 kJ/mol
Taking 100 steps of dynamics
Energy after dynamics is -468194.444272 kJ/mol; minimizing
Energy after minimization is -539821.874581 kJ/mol
Preparing new PME system for 10ns equilibration run...
Preparing simulation for equilibration 10ns run...
Initial energy is: -563382.241163 kJ/mol
Energy after minimization is: -566508.929038 kJ/mol
Appending reporters...
Running 10ns equilibration simulation steps...
Done with the equilibration!
Final energy is: -458088.784092 kJ/mol
Initiating packaging...
Preparing new integrator and updating system with new PeriodicBoxVectors...
Preparing new simulation...
Performing 1000 simulation steps...
Updating system with new PeriodicBoxVectors...
Writing system and integrator...
Writing state...
All done!
