Loading PDB...
Preparing CutoffPeriodic minimization system...
System has 31340 particles
Preparing simulation for minimization...
Initial energy is 12282201.5122 kJ/mol
Energy after minimization is -407245.502507 kJ/mol
Taking 100 steps of dynamics
Energy after dynamics is -407295.088896 kJ/mol; minimizing
Energy after minimization is -477094.184629 kJ/mol
Preparing new PME system for 10ns equilibration run...
Preparing simulation for equilibration 10ns run...
Initial energy is: -500708.150049 kJ/mol
Energy after minimization is: -504191.290445 kJ/mol
Appending reporters...
Running 10ns equilibration simulation steps...
Done with the equilibration!
Final energy is: -407158.597007 kJ/mol
Initiating packaging...
Preparing new integrator and updating system with new PeriodicBoxVectors...
Preparing new simulation...
Performing 1000 simulation steps...
Updating system with new PeriodicBoxVectors...
Writing system and integrator...
Writing state...
All done!
