Loading PDB...
Preparing CutoffPeriodic minimization system...
System has 35125 particles
Preparing simulation for minimization...
Initial energy is 56199846.563 kJ/mol
Energy after minimization is -421595.752824 kJ/mol
Taking 100 steps of dynamics
Energy after dynamics is -422046.012538 kJ/mol; minimizing
Energy after minimization is -539452.566005 kJ/mol
Preparing new PME system for 10ns equilibration run...
Preparing simulation for equilibration 10ns run...
Initial energy is: -562997.748625 kJ/mol
Energy after minimization is: -567020.651843 kJ/mol
Appending reporters...
Running 10ns equilibration simulation steps...
Done with the equilibration!
Final energy is: -458285.359563 kJ/mol
Initiating packaging...
Preparing new integrator and updating system with new PeriodicBoxVectors...
Preparing new simulation...
Performing 1000 simulation steps...
Updating system with new PeriodicBoxVectors...
Writing system and integrator...
Writing state...
All done!
