Loading PDB...
Preparing CutoffPeriodic minimization system...
System has 36194 particles
Preparing simulation for minimization...
Initial energy is 185876.151268 kJ/mol
Energy after minimization is -442378.589461 kJ/mol
Taking 100 steps of dynamics
Energy after dynamics is -442714.73191 kJ/mol; minimizing
Energy after minimization is -554796.108429 kJ/mol
Preparing new PME system for 10ns equilibration run...
Preparing simulation for equilibration 10ns run...
Initial energy is: -577892.066605 kJ/mol
Energy after minimization is: -583883.079319 kJ/mol
Appending reporters...
Running 10ns equilibration simulation steps...
Done with the equilibration!
Final energy is: -471863.631617 kJ/mol
Initiating packaging...
Preparing new integrator and updating system with new PeriodicBoxVectors...
Preparing new simulation...
Performing 1000 simulation steps...
Updating system with new PeriodicBoxVectors...
Writing system and integrator...
Writing state...
All done!
