Loading PDB...
Preparing CutoffPeriodic minimization system...
System has 36245 particles
Preparing simulation for minimization...
Initial energy is 204726.912718 kJ/mol
Energy after minimization is -416165.700549 kJ/mol
Taking 100 steps of dynamics
Energy after dynamics is -416661.577324 kJ/mol; minimizing
Energy after minimization is -558944.257535 kJ/mol
Preparing new PME system for 10ns equilibration run...
Preparing simulation for equilibration 10ns run...
Initial energy is: -582332.288366 kJ/mol
Energy after minimization is: -587064.046632 kJ/mol
Appending reporters...
Running 10ns equilibration simulation steps...
Done with the equilibration!
Final energy is: -472895.306779 kJ/mol
Initiating packaging...
Preparing new integrator and updating system with new PeriodicBoxVectors...
Preparing new simulation...
Performing 1000 simulation steps...
Updating system with new PeriodicBoxVectors...
Writing system and integrator...
Writing state...
All done!
