Loading PDB...
Preparing CutoffPeriodic minimization system...
System has 31369 particles
Preparing simulation for minimization...
Initial energy is 11070978.3379 kJ/mol
Energy after minimization is -368558.0265 kJ/mol
Taking 100 steps of dynamics
Energy after dynamics is -368761.352274 kJ/mol; minimizing
Energy after minimization is -476552.929726 kJ/mol
Preparing new PME system for 10ns equilibration run...
Preparing simulation for equilibration 10ns run...
Initial energy is: -500013.997386 kJ/mol
Energy after minimization is: -504933.219028 kJ/mol
Appending reporters...
Running 10ns equilibration simulation steps...
Done with the equilibration!
Final energy is: -407010.733487 kJ/mol
Initiating packaging...
Preparing new integrator and updating system with new PeriodicBoxVectors...
Preparing new simulation...
Performing 1000 simulation steps...
Updating system with new PeriodicBoxVectors...
Writing system and integrator...
Writing state...
All done!
