Loading PDB...
Preparing CutoffPeriodic minimization system...
System has 30932 particles
Preparing simulation for minimization...
Initial energy is 12251880.1459 kJ/mol
Energy after minimization is -405863.28399 kJ/mol
Taking 100 steps of dynamics
Energy after dynamics is -405890.764602 kJ/mol; minimizing
Energy after minimization is -468388.770057 kJ/mol
Preparing new PME system for 10ns equilibration run...
Preparing simulation for equilibration 10ns run...
Initial energy is: -492315.573304 kJ/mol
Energy after minimization is: -496481.517256 kJ/mol
Appending reporters...
Running 10ns equilibration simulation steps...
Done with the equilibration!
Final energy is: -402115.110442 kJ/mol
Initiating packaging...
Preparing new integrator and updating system with new PeriodicBoxVectors...
Preparing new simulation...
Performing 1000 simulation steps...
Updating system with new PeriodicBoxVectors...
Writing system and integrator...
Writing state...
All done!
