Loading PDB...
Preparing CutoffPeriodic minimization system...
System has 30952 particles
Preparing simulation for minimization...
Initial energy is 11094184.3902 kJ/mol
Energy after minimization is -404435.2141 kJ/mol
Taking 100 steps of dynamics
Energy after dynamics is -404457.884299 kJ/mol; minimizing
Energy after minimization is -468631.755257 kJ/mol
Preparing new PME system for 10ns equilibration run...
Preparing simulation for equilibration 10ns run...
Initial energy is: -492365.319144 kJ/mol
Energy after minimization is: -497455.875021 kJ/mol
Appending reporters...
Running 10ns equilibration simulation steps...
Done with the equilibration!
Final energy is: -401825.739394 kJ/mol
Initiating packaging...
Preparing new integrator and updating system with new PeriodicBoxVectors...
Preparing new simulation...
Performing 1000 simulation steps...
Updating system with new PeriodicBoxVectors...
Writing system and integrator...
Writing state...
All done!
