Loading PDB...
Preparing CutoffPeriodic minimization system...
System has 31328 particles
Preparing simulation for minimization...
Initial energy is 12266846.3858 kJ/mol
Energy after minimization is -357898.237284 kJ/mol
Taking 100 steps of dynamics
Energy after dynamics is -358326.091951 kJ/mol; minimizing
Energy after minimization is -475553.541207 kJ/mol
Preparing new PME system for 10ns equilibration run...
Preparing simulation for equilibration 10ns run...
Initial energy is: -499517.643164 kJ/mol
Energy after minimization is: -502511.003178 kJ/mol
Appending reporters...
Running 10ns equilibration simulation steps...
Done with the equilibration!
Final energy is: -408000.62963 kJ/mol
Initiating packaging...
Preparing new integrator and updating system with new PeriodicBoxVectors...
Preparing new simulation...
Performing 1000 simulation steps...
Updating system with new PeriodicBoxVectors...
Writing system and integrator...
Writing state...
All done!
