Loading PDB...
Preparing CutoffPeriodic minimization system...
System has 31333 particles
Preparing simulation for minimization...
Initial energy is 12570244.0502 kJ/mol
Energy after minimization is -364288.055707 kJ/mol
Taking 100 steps of dynamics
Energy after dynamics is -364790.22482 kJ/mol; minimizing
Energy after minimization is -476092.173518 kJ/mol
Preparing new PME system for 10ns equilibration run...
Preparing simulation for equilibration 10ns run...
Initial energy is: -499812.484629 kJ/mol
Energy after minimization is: -503130.569939 kJ/mol
Appending reporters...
Running 10ns equilibration simulation steps...
Done with the equilibration!
Final energy is: -407019.033129 kJ/mol
Initiating packaging...
Preparing new integrator and updating system with new PeriodicBoxVectors...
Preparing new simulation...
Performing 1000 simulation steps...
Updating system with new PeriodicBoxVectors...
Writing system and integrator...
Writing state...
All done!
