Loading PDB...
Preparing CutoffPeriodic minimization system...
System has 31315 particles
Preparing simulation for minimization...
Initial energy is 12284569.8041 kJ/mol
Energy after minimization is -406021.414563 kJ/mol
Taking 100 steps of dynamics
Energy after dynamics is -406055.138013 kJ/mol; minimizing
Energy after minimization is -475858.513371 kJ/mol
Preparing new PME system for 10ns equilibration run...
Preparing simulation for equilibration 10ns run...
Initial energy is: -499289.595342 kJ/mol
Energy after minimization is: -503475.315208 kJ/mol
Appending reporters...
Running 10ns equilibration simulation steps...
Done with the equilibration!
Final energy is: -408279.453639 kJ/mol
Initiating packaging...
Preparing new integrator and updating system with new PeriodicBoxVectors...
Preparing new simulation...
Performing 1000 simulation steps...
Updating system with new PeriodicBoxVectors...
Writing system and integrator...
Writing state...
All done!
