Loading PDB...
Preparing CutoffPeriodic minimization system...
System has 35134 particles
Preparing simulation for minimization...
Initial energy is 56192798.589 kJ/mol
Energy after minimization is -430413.167685 kJ/mol
Taking 100 steps of dynamics
Energy after dynamics is -430696.280588 kJ/mol; minimizing
Energy after minimization is -541652.936627 kJ/mol
Preparing new PME system for 10ns equilibration run...
Preparing simulation for equilibration 10ns run...
Initial energy is: -563806.161496 kJ/mol
Energy after minimization is: -566873.290401 kJ/mol
Appending reporters...
Running 10ns equilibration simulation steps...
Done with the equilibration!
Final energy is: -456918.858421 kJ/mol
Initiating packaging...
Preparing new integrator and updating system with new PeriodicBoxVectors...
Preparing new simulation...
Performing 1000 simulation steps...
Updating system with new PeriodicBoxVectors...
Writing system and integrator...
Writing state...
All done!
