Loading PDB...
Preparing CutoffPeriodic minimization system...
System has 32864 particles
Preparing simulation for minimization...
Initial energy is -209037.493236 kJ/mol
Energy after minimization is -209280.130744 kJ/mol
Taking 100 steps of dynamics
Energy after dynamics is -225132.920125 kJ/mol; minimizing
Energy after minimization is -503310.868196 kJ/mol
Preparing new PME system for 10ns equilibration run...
Preparing simulation for equilibration 10ns run...
Initial energy is: -526030.028669 kJ/mol
Energy after minimization is: -529978.901114 kJ/mol
Appending reporters...
Running 10ns equilibration simulation steps...
Done with the equilibration!
Final energy is: -428214.903041 kJ/mol
Initiating packaging...
Preparing new integrator and updating system with new PeriodicBoxVectors...
Preparing new simulation...
Performing 1000 simulation steps...
Updating system with new PeriodicBoxVectors...
Writing system and integrator...
Writing state...
All done!
