Loading PDB...
Preparing CutoffPeriodic minimization system...
System has 35620 particles
Preparing simulation for minimization...
Initial energy is 56217192.0817 kJ/mol
Energy after minimization is -366156.484548 kJ/mol
Taking 100 steps of dynamics
Energy after dynamics is -367652.088591 kJ/mol; minimizing
Energy after minimization is -548940.073522 kJ/mol
Preparing new PME system for 10ns equilibration run...
Preparing simulation for equilibration 10ns run...
Initial energy is: -572452.16178 kJ/mol
Energy after minimization is: -577102.878404 kJ/mol
Appending reporters...
Running 10ns equilibration simulation steps...
Done with the equilibration!
Final energy is: -465278.267952 kJ/mol
Initiating packaging...
Preparing new integrator and updating system with new PeriodicBoxVectors...
Preparing new simulation...
Performing 1000 simulation steps...
Updating system with new PeriodicBoxVectors...
Writing system and integrator...
Writing state...
All done!
