Loading PDB...
Preparing CutoffPeriodic minimization system...
System has 31365 particles
Preparing simulation for minimization...
Initial energy is 12303115.9073 kJ/mol
Energy after minimization is 11822667.644 kJ/mol
Taking 100 steps of dynamics
Energy after dynamics is 301072.323887 kJ/mol; minimizing
Energy after minimization is -477492.409977 kJ/mol
Preparing new PME system for 10ns equilibration run...
Preparing simulation for equilibration 10ns run...
Initial energy is: -501227.630962 kJ/mol
Energy after minimization is: -504453.642772 kJ/mol
Appending reporters...
Running 10ns equilibration simulation steps...
Done with the equilibration!
Final energy is: -408853.72235 kJ/mol
Initiating packaging...
Preparing new integrator and updating system with new PeriodicBoxVectors...
Preparing new simulation...
Performing 1000 simulation steps...
Updating system with new PeriodicBoxVectors...
Writing system and integrator...
Writing state...
All done!
