Loading PDB...
Preparing CutoffPeriodic minimization system...
System has 35765 particles
Preparing simulation for minimization...
Initial energy is 56210619.9297 kJ/mol
Energy after minimization is -438336.229869 kJ/mol
Taking 100 steps of dynamics
Energy after dynamics is -438550.091902 kJ/mol; minimizing
Energy after minimization is -551449.450436 kJ/mol
Preparing new PME system for 10ns equilibration run...
Preparing simulation for equilibration 10ns run...
Initial energy is: -574820.298695 kJ/mol
Energy after minimization is: -578004.971217 kJ/mol
Appending reporters...
Running 10ns equilibration simulation steps...
Done with the equilibration!
Final energy is: -466503.043581 kJ/mol
Initiating packaging...
Preparing new integrator and updating system with new PeriodicBoxVectors...
Preparing new simulation...
Performing 1000 simulation steps...
Updating system with new PeriodicBoxVectors...
Writing system and integrator...
Writing state...
All done!
