Loading PDB...
Preparing CutoffPeriodic minimization system...
System has 35174 particles
Preparing simulation for minimization...
Initial energy is 56171083.2139 kJ/mol
Energy after minimization is -429837.904806 kJ/mol
Taking 100 steps of dynamics
Energy after dynamics is -430060.889567 kJ/mol; minimizing
Energy after minimization is -541828.290388 kJ/mol
Preparing new PME system for 10ns equilibration run...
Preparing simulation for equilibration 10ns run...
Initial energy is: -564466.913233 kJ/mol
Energy after minimization is: -568433.623704 kJ/mol
Appending reporters...
Running 10ns equilibration simulation steps...
Done with the equilibration!
Final energy is: -457914.224001 kJ/mol
Initiating packaging...
Preparing new integrator and updating system with new PeriodicBoxVectors...
Preparing new simulation...
Performing 1000 simulation steps...
Updating system with new PeriodicBoxVectors...
Writing system and integrator...
Writing state...
All done!
