Loading PDB...
Preparing CutoffPeriodic minimization system...
System has 35699 particles
Preparing simulation for minimization...
Initial energy is 56212595.2296 kJ/mol
Energy after minimization is -427472.920173 kJ/mol
Taking 100 steps of dynamics
Energy after dynamics is -427825.308204 kJ/mol; minimizing
Energy after minimization is -548416.391542 kJ/mol
Preparing new PME system for 10ns equilibration run...
Preparing simulation for equilibration 10ns run...
Initial energy is: -571944.010067 kJ/mol
Energy after minimization is: -578106.075424 kJ/mol
Appending reporters...
Running 10ns equilibration simulation steps...
Done with the equilibration!
Final energy is: -464016.103752 kJ/mol
Initiating packaging...
Preparing new integrator and updating system with new PeriodicBoxVectors...
Preparing new simulation...
Performing 1000 simulation steps...
Updating system with new PeriodicBoxVectors...
Writing system and integrator...
Writing state...
All done!
