Loading PDB...
Preparing CutoffPeriodic minimization system...
System has 30755 particles
Preparing simulation for minimization...
Initial energy is 11041555.6388 kJ/mol
Energy after minimization is -308354.448478 kJ/mol
Taking 100 steps of dynamics
Energy after dynamics is -309421.42597 kJ/mol; minimizing
Energy after minimization is -466476.643383 kJ/mol
Preparing new PME system for 10ns equilibration run...
Preparing simulation for equilibration 10ns run...
Initial energy is: -489911.971888 kJ/mol
Energy after minimization is: -494482.999724 kJ/mol
Appending reporters...
Running 10ns equilibration simulation steps...
Done with the equilibration!
Final energy is: -398732.074044 kJ/mol
Initiating packaging...
Preparing new integrator and updating system with new PeriodicBoxVectors...
Preparing new simulation...
Performing 1000 simulation steps...
Updating system with new PeriodicBoxVectors...
Writing system and integrator...
Writing state...
All done!
