Loading PDB...
Preparing CutoffPeriodic minimization system...
System has 35265 particles
Preparing simulation for minimization...
Initial energy is 56181632.5178 kJ/mol
Energy after minimization is -429044.192962 kJ/mol
Taking 100 steps of dynamics
Energy after dynamics is -429236.388511 kJ/mol; minimizing
Energy after minimization is -542608.240758 kJ/mol
Preparing new PME system for 10ns equilibration run...
Preparing simulation for equilibration 10ns run...
Initial energy is: -566084.725673 kJ/mol
Energy after minimization is: -569486.602404 kJ/mol
Appending reporters...
Running 10ns equilibration simulation steps...
Done with the equilibration!
Final energy is: -460465.724338 kJ/mol
Initiating packaging...
Preparing new integrator and updating system with new PeriodicBoxVectors...
Preparing new simulation...
Performing 1000 simulation steps...
Updating system with new PeriodicBoxVectors...
Writing system and integrator...
Writing state...
All done!
