Loading PDB...
Preparing CutoffPeriodic minimization system...
System has 31277 particles
Preparing simulation for minimization...
Initial energy is 1071977.45221 kJ/mol
Energy after minimization is -413276.155561 kJ/mol
Taking 100 steps of dynamics
Energy after dynamics is -413306.973638 kJ/mol; minimizing
Energy after minimization is -476918.110832 kJ/mol
Preparing new PME system for 10ns equilibration run...
Preparing simulation for equilibration 10ns run...
Initial energy is: -499860.878942 kJ/mol
Energy after minimization is: -503020.45505 kJ/mol
Appending reporters...
Running 10ns equilibration simulation steps...
Done with the equilibration!
Final energy is: -405520.916249 kJ/mol
Initiating packaging...
Preparing new integrator and updating system with new PeriodicBoxVectors...
Preparing new simulation...
Performing 1000 simulation steps...
Updating system with new PeriodicBoxVectors...
Writing system and integrator...
Writing state...
All done!
