Loading PDB...
Preparing CutoffPeriodic minimization system...
System has 35588 particles
Preparing simulation for minimization...
Initial energy is 56189640.3018 kJ/mol
Energy after minimization is -478650.674614 kJ/mol
Taking 100 steps of dynamics
Energy after dynamics is -478682.928268 kJ/mol; minimizing
Energy after minimization is -549364.925659 kJ/mol
Preparing new PME system for 10ns equilibration run...
Preparing simulation for equilibration 10ns run...
Initial energy is: -571876.81027 kJ/mol
Energy after minimization is: -576041.797652 kJ/mol
Appending reporters...
Running 10ns equilibration simulation steps...
Done with the equilibration!
Final energy is: -463456.606072 kJ/mol
Initiating packaging...
Preparing new integrator and updating system with new PeriodicBoxVectors...
Preparing new simulation...
Performing 1000 simulation steps...
Updating system with new PeriodicBoxVectors...
Writing system and integrator...
Writing state...
All done!
